{"name": "test_checkRecordPage", "status": "failed", "statusDetails": {"message": "AssertionError: assert False", "trace": "self = <scripts.test_021_checkRecordPage.Test_checkRecordPage object at 0x000001DCF9708730>\n\n    def test_checkRecordPage(self):\n        with allure.step('进入消息页'):\n            self.page.shouye().click_message()\n            time.sleep(2)\n        with allure.step('进入Timing小书童'):\n            self.page.message().click_timingService()\n        with allure.step('退出Timing小书童'):\n            self.page.message().click_back()\n        with allure.step('进入道友聊天页'):\n            self.page.message().click_firstChannel()\n        with allure.step('点击说话就拍按钮'):\n            self.page.video_record().click_speakBtn()\n        with allure.step('检查界面元素'):\n            with allure.step('检查后退按钮'):\n                if self.page.video_record().check_back() == True:\n                    assert True\n                else:\n                    assert False\n            with allure.step('检查顶部标题'):\n                if self.page.video_record().check_titleWord() == True:\n                    assert True\n                else:\n>                   assert False\nE                   assert False\n\ntest_021_checkRecordPage.py:45: AssertionError"}, "steps": [{"name": "进入消息页", "status": "passed", "start": 1606988970899, "stop": 1606988985628}, {"name": "进入Timing小书童", "status": "passed", "start": 1606988985628, "stop": 1606988989056}, {"name": "退出Timing小书童", "status": "passed", "start": 1606988989057, "stop": 1606988992187}, {"name": "进入道友聊天页", "status": "passed", "start": 1606988992188, "stop": 1606988992982}, {"name": "点击说话就拍按钮", "status": "passed", "start": 1606988992982, "stop": 1606988993764}, {"name": "检查界面元素", "status": "failed", "statusDetails": {"message": "AssertionError: assert False\n", "trace": "  File \"D:\\Jenkins\\workspace\\Timing\\scripts\\test_021_checkRecordPage.py\", line 45, in test_checkRecordPage\n    assert False\n"}, "steps": [{"name": "检查后退按钮", "status": "passed", "start": 1606988993764, "stop": 1606988995323}, {"name": "检查顶部标题", "status": "failed", "statusDetails": {"message": "AssertionError: assert False\n", "trace": "  File \"D:\\Jenkins\\workspace\\Timing\\scripts\\test_021_checkRecordPage.py\", line 45, in test_checkRecordPage\n    assert False\n"}, "start": 1606988995323, "stop": 1606989046574}], "start": 1606988993764, "stop": 1606989046574}], "start": 1606988970899, "stop": 1606989046574, "uuid": "9967427e-a089-40d4-9315-a2c45bb2e734", "historyId": "ca0d3d56d5747fc9a4297c371670d94c", "testCaseId": "74323db293b6251d6eed5e05d3602812", "fullName": "test_021_checkRecordPage.Test_checkRecordPage#test_checkRecordPage", "labels": [{"name": "suite", "value": "test_021_checkRecordPage"}, {"name": "subSuite", "value": "Test_checkRecordPage"}, {"name": "host", "value": "WINDOWS-49AO44L"}, {"name": "thread", "value": "16320-MainThread"}, {"name": "framework", "value": "pytest"}, {"name": "language", "value": "cpython3"}, {"name": "package", "value": "test_021_checkRecordPage"}]}