{"name": "test_browsesVlog", "status": "broken", "statusDetails": {"message": "selenium.common.exceptions.TimeoutException: Message:", "trace": "self = <scripts.test_011_browsesVlog.Test_browsesVlog object at 0x0000013F16FE4D60>\n\n    def test_browsesVlog(self):\n        with allure.step('点击进入发现页'):\n>           self.page.shouye().click_friendCircle()\n\ntest_011_browsesVlog.py:25: \n_ _ _ _ _ _ _ _ _ _ _ _ _ _ _ _ _ _ _ _ _ _ _ _ _ _ _ _ _ _ _ _ _ _ _ _ _ _ _ _\n..\\Pages\\message_interaction\\shouye_page.py:33: in click_friendCircle\n    self.click(self.friendCircleBtn)\n..\\base\\base_action.py:27: in click\n    self.find_element(feature).click()\n..\\base\\base_action.py:22: in find_element\n    element = WebDriverWait(self.driver, timeout, poll).until(lambda x: x.find_element(feature_by, feature_value))\n_ _ _ _ _ _ _ _ _ _ _ _ _ _ _ _ _ _ _ _ _ _ _ _ _ _ _ _ _ _ _ _ _ _ _ _ _ _ _ _\n\nself = <selenium.webdriver.support.wait.WebDriverWait (session=\"19f40427-88bd-441d-922b-3984ce886df9\")>\nmethod = <function BaseAction.find_element.<locals>.<lambda> at 0x0000013F23104700>\nmessage = ''\n\n    def until(self, method, message=''):\n        \"\"\"Calls the method provided with the driver as an argument until the \\\n        return value is not False.\"\"\"\n        screen = None\n        stacktrace = None\n    \n        end_time = time.time() + self._timeout\n        while True:\n            try:\n                value = method(self._driver)\n                if value:\n                    return value\n            except self._ignored_exceptions as exc:\n                screen = getattr(exc, 'screen', None)\n                stacktrace = getattr(exc, 'stacktrace', None)\n            time.sleep(self._poll)\n            if time.time() > end_time:\n                break\n>       raise TimeoutException(message, screen, stacktrace)\nE       selenium.common.exceptions.TimeoutException: Message:\n\nc:\\python38\\lib\\site-packages\\selenium\\webdriver\\support\\wait.py:80: TimeoutException"}, "steps": [{"name": "点击进入发现页", "status": "broken", "statusDetails": {"message": "selenium.common.exceptions.TimeoutException: Message: \n\n", "trace": "  File \"D:\\Jenkins\\workspace\\Timing\\scripts\\test_011_browsesVlog.py\", line 25, in test_browsesVlog\n    self.page.shouye().click_friendCircle()\n  File \"D:\\Jenkins\\workspace\\Timing\\Pages\\message_interaction\\shouye_page.py\", line 33, in click_friendCircle\n    self.click(self.friendCircleBtn)\n  File \"D:\\Jenkins\\workspace\\Timing\\base\\base_action.py\", line 27, in click\n    self.find_element(feature).click()\n  File \"D:\\Jenkins\\workspace\\Timing\\base\\base_action.py\", line 22, in find_element\n    element = WebDriverWait(self.driver, timeout, poll).until(lambda x: x.find_element(feature_by, feature_value))\n  File \"c:\\python38\\lib\\site-packages\\selenium\\webdriver\\support\\wait.py\", line 80, in until\n    raise TimeoutException(message, screen, stacktrace)\n"}, "start": 1616080034524, "stop": 1616080085925}], "start": 1616080034524, "stop": 1616080085925, "uuid": "e62032f6-6dd9-43f9-85f7-fb6df63b2fc3", "historyId": "58a35e78c95610b9a2577f96444cd07a", "testCaseId": "49138991302ed42b6d3359e091f649b4", "fullName": "test_011_browsesVlog.Test_browsesVlog#test_browsesVlog", "labels": [{"name": "suite", "value": "test_011_browsesVlog"}, {"name": "subSuite", "value": "Test_browsesVlog"}, {"name": "host", "value": "WINDOWS-49AO44L"}, {"name": "thread", "value": "10772-MainThread"}, {"name": "framework", "value": "pytest"}, {"name": "language", "value": "cpython3"}, {"name": "package", "value": "test_011_browsesVlog"}]}