{"name": "test_loginByWexin", "status": "broken", "statusDetails": {"message": "selenium.common.exceptions.TimeoutException: Message:", "trace": "self = <scripts.test_004_loginByWexin.Test_loginByWexin object at 0x0000022E3E128670>\n\n    def test_loginByWexin(self):\n        with allure.step('点击同意服务协议'):\n            self.page.login().click_agree_login()\n        with allure.step('点击Weixin登录'):\n            self.page.login().click_wechat_login()\n        with allure.step('第一次进入，点击我知道了'):\n            time.sleep(10)\n            self.page.login().tapScreen(0.5,0.6)\n    #     with allure.step('检查是否跳到首页'):\n    #         result = self.page.shouye().check_shouye()\n    #         if result == True:\n    #             with allure.step('断言:登录成功'):\n    #                 assert self.page.shouye().check_shouye() == True\n    #         else:\n    #             with allure.step('用户未绑定手机，用例结束'):\n    #                 self.page.banding_phone().click_closeBtn()\n    #\n    # def test_logout(self):\n    #     with allure.step('检测登陆状态'):\n    #         result = self.page.shouye().check_shouye()\n    #         if result == True:\n        with allure.step('点击更多按钮'):\n            time.sleep(2)\n            self.page.login().tapScreen(0.9, 0.96)\n            time.sleep(1)\n            self.page.login().tapScreen(0.9, 0.96)\n            # self.page.more().click_more()\n            time.sleep(8)\n        with allure.step('点击设置按钮'):\n>           self.page.more().click_setting()\n\ntest_004_loginByWexin.py:55: \n_ _ _ _ _ _ _ _ _ _ _ _ _ _ _ _ _ _ _ _ _ _ _ _ _ _ _ _ _ _ _ _ _ _ _ _ _ _ _ _\n..\\Pages\\personal_information\\more_page.py:48: in click_setting\n    self.click(self.settingBtn)\n..\\base\\base_action.py:27: in click\n    self.find_element(feature).click()\n..\\base\\base_action.py:22: in find_element\n    element = WebDriverWait(self.driver, timeout, poll).until(lambda x: x.find_element(feature_by, feature_value))\n_ _ _ _ _ _ _ _ _ _ _ _ _ _ _ _ _ _ _ _ _ _ _ _ _ _ _ _ _ _ _ _ _ _ _ _ _ _ _ _\n\nself = <selenium.webdriver.support.wait.WebDriverWait (session=\"84b87e7c-9365-4014-83a3-e8ea6ddb7583\")>\nmethod = <function BaseAction.find_element.<locals>.<lambda> at 0x0000022E3E1541F0>\nmessage = ''\n\n    def until(self, method, message=''):\n        \"\"\"Calls the method provided with the driver as an argument until the \\\n        return value is not False.\"\"\"\n        screen = None\n        stacktrace = None\n    \n        end_time = time.time() + self._timeout\n        while True:\n            try:\n                value = method(self._driver)\n                if value:\n                    return value\n            except self._ignored_exceptions as exc:\n                screen = getattr(exc, 'screen', None)\n                stacktrace = getattr(exc, 'stacktrace', None)\n            time.sleep(self._poll)\n            if time.time() > end_time:\n                break\n>       raise TimeoutException(message, screen, stacktrace)\nE       selenium.common.exceptions.TimeoutException: Message:\n\nc:\\python38\\lib\\site-packages\\selenium\\webdriver\\support\\wait.py:80: TimeoutException"}, "steps": [{"name": "点击同意服务协议", "status": "passed", "start": 1614264100259, "stop": 1614264107739}, {"name": "点击Weixin登录", "status": "passed", "start": 1614264107739, "stop": 1614264111912}, {"name": "第一次进入，点击我知道了", "status": "passed", "start": 1614264111912, "stop": 1614264121993}, {"name": "点击更多按钮", "status": "passed", "start": 1614264121993, "stop": 1614264133054}, {"name": "点击设置按钮", "status": "broken", "statusDetails": {"message": "selenium.common.exceptions.TimeoutException: Message: \n\n", "trace": "  File \"D:\\Jenkins\\workspace\\Timing\\scripts\\test_004_loginByWexin.py\", line 55, in test_loginByWexin\n    self.page.more().click_setting()\n  File \"D:\\Jenkins\\workspace\\Timing\\Pages\\personal_information\\more_page.py\", line 48, in click_setting\n    self.click(self.settingBtn)\n  File \"D:\\Jenkins\\workspace\\Timing\\base\\base_action.py\", line 27, in click\n    self.find_element(feature).click()\n  File \"D:\\Jenkins\\workspace\\Timing\\base\\base_action.py\", line 22, in find_element\n    element = WebDriverWait(self.driver, timeout, poll).until(lambda x: x.find_element(feature_by, feature_value))\n  File \"c:\\python38\\lib\\site-packages\\selenium\\webdriver\\support\\wait.py\", line 80, in until\n    raise TimeoutException(message, screen, stacktrace)\n"}, "start": 1614264133054, "stop": 1614264192351}], "start": 1614264100259, "stop": 1614264192354, "uuid": "32258dca-bd75-44f2-898b-ee4b048ead90", "historyId": "cc260aa809f1fa2970fc9598557b8c6d", "testCaseId": "88d8d3b648297cf6388ac68cd2cd378a", "fullName": "test_004_loginByWexin.Test_loginByWexin#test_loginByWexin", "labels": [{"name": "suite", "value": "test_004_loginByWexin"}, {"name": "subSuite", "value": "Test_loginByWexin"}, {"name": "host", "value": "WINDOWS-49AO44L"}, {"name": "thread", "value": "13556-MainThread"}, {"name": "framework", "value": "pytest"}, {"name": "language", "value": "cpython3"}, {"name": "package", "value": "test_004_loginByWexin"}]}