{"name": "test_checkRecordPage", "status": "broken", "statusDetails": {"message": "selenium.common.exceptions.TimeoutException: Message:", "trace": "self = <scripts.test_021_checkRecordPage.Test_checkRecordPage object at 0x0000022E3E1589A0>\n\n    def test_checkRecordPage(self):\n        with allure.step('进入消息页'):\n            self.page.shouye().click_message()\n            time.sleep(2)\n        with allure.step('进入道友聊天页'):\n>           self.page.message().click_messageFriend()\n\ntest_021_checkRecordPage.py:28: \n_ _ _ _ _ _ _ _ _ _ _ _ _ _ _ _ _ _ _ _ _ _ _ _ _ _ _ _ _ _ _ _ _ _ _ _ _ _ _ _\n..\\Pages\\message_interaction\\message_page.py:52: in click_messageFriend\n    self.click(self.messageFriend)\n..\\base\\base_action.py:27: in click\n    self.find_element(feature).click()\n..\\base\\base_action.py:22: in find_element\n    element = WebDriverWait(self.driver, timeout, poll).until(lambda x: x.find_element(feature_by, feature_value))\n_ _ _ _ _ _ _ _ _ _ _ _ _ _ _ _ _ _ _ _ _ _ _ _ _ _ _ _ _ _ _ _ _ _ _ _ _ _ _ _\n\nself = <selenium.webdriver.support.wait.WebDriverWait (session=\"4dfd0f8c-d164-428a-a31e-344639c7f8d3\")>\nmethod = <function BaseAction.find_element.<locals>.<lambda> at 0x0000022E3E1B9940>\nmessage = ''\n\n    def until(self, method, message=''):\n        \"\"\"Calls the method provided with the driver as an argument until the \\\n        return value is not False.\"\"\"\n        screen = None\n        stacktrace = None\n    \n        end_time = time.time() + self._timeout\n        while True:\n            try:\n                value = method(self._driver)\n                if value:\n                    return value\n            except self._ignored_exceptions as exc:\n                screen = getattr(exc, 'screen', None)\n                stacktrace = getattr(exc, 'stacktrace', None)\n            time.sleep(self._poll)\n            if time.time() > end_time:\n                break\n>       raise TimeoutException(message, screen, stacktrace)\nE       selenium.common.exceptions.TimeoutException: Message:\n\nc:\\python38\\lib\\site-packages\\selenium\\webdriver\\support\\wait.py:80: TimeoutException"}, "steps": [{"name": "进入消息页", "status": "passed", "start": 1614264378372, "stop": 1614264386627}, {"name": "进入道友聊天页", "status": "broken", "statusDetails": {"message": "selenium.common.exceptions.TimeoutException: Message: \n\n", "trace": "  File \"D:\\Jenkins\\workspace\\Timing\\scripts\\test_021_checkRecordPage.py\", line 28, in test_checkRecordPage\n    self.page.message().click_messageFriend()\n  File \"D:\\Jenkins\\workspace\\Timing\\Pages\\message_interaction\\message_page.py\", line 52, in click_messageFriend\n    self.click(self.messageFriend)\n  File \"D:\\Jenkins\\workspace\\Timing\\base\\base_action.py\", line 27, in click\n    self.find_element(feature).click()\n  File \"D:\\Jenkins\\workspace\\Timing\\base\\base_action.py\", line 22, in find_element\n    element = WebDriverWait(self.driver, timeout, poll).until(lambda x: x.find_element(feature_by, feature_value))\n  File \"c:\\python38\\lib\\site-packages\\selenium\\webdriver\\support\\wait.py\", line 80, in until\n    raise TimeoutException(message, screen, stacktrace)\n"}, "start": 1614264386627, "stop": 1614264438047}], "start": 1614264378372, "stop": 1614264438106, "uuid": "269ec4d0-7450-4c3a-a367-c925cfaeceb6", "historyId": "ca0d3d56d5747fc9a4297c371670d94c", "testCaseId": "74323db293b6251d6eed5e05d3602812", "fullName": "test_021_checkRecordPage.Test_checkRecordPage#test_checkRecordPage", "labels": [{"name": "suite", "value": "test_021_checkRecordPage"}, {"name": "subSuite", "value": "Test_checkRecordPage"}, {"name": "host", "value": "WINDOWS-49AO44L"}, {"name": "thread", "value": "13556-MainThread"}, {"name": "framework", "value": "pytest"}, {"name": "language", "value": "cpython3"}, {"name": "package", "value": "test_021_checkRecordPage"}]}