{"name": "test_videoTimeLess", "status": "broken", "statusDetails": {"message": "selenium.common.exceptions.TimeoutException: Message:", "trace": "self = <scripts.test_043_videoTime.Test_videoTime object at 0x0000029542DBD700>\n\n    def test_videoTimeLess(self):\n        with allure.step('进入更多页'):\n>           self.page.shouye().click_mainMoreBtn()\n\ntest_043_videoTime.py:22: \n_ _ _ _ _ _ _ _ _ _ _ _ _ _ _ _ _ _ _ _ _ _ _ _ _ _ _ _ _ _ _ _ _ _ _ _ _ _ _ _\n..\\Pages\\message_interaction\\shouye_page.py:37: in click_mainMoreBtn\n    self.click(self.mainMoreBtn)\n..\\base\\base_action.py:27: in click\n    self.find_element(feature).click()\n..\\base\\base_action.py:22: in find_element\n    element = WebDriverWait(self.driver, timeout, poll).until(lambda x: x.find_element(feature_by, feature_value))\n_ _ _ _ _ _ _ _ _ _ _ _ _ _ _ _ _ _ _ _ _ _ _ _ _ _ _ _ _ _ _ _ _ _ _ _ _ _ _ _\n\nself = <selenium.webdriver.support.wait.WebDriverWait (session=\"00ec61a1-d17e-452f-99f8-5b905647a903\")>\nmethod = <function BaseAction.find_element.<locals>.<lambda> at 0x0000029542C9E670>\nmessage = ''\n\n    def until(self, method, message=''):\n        \"\"\"Calls the method provided with the driver as an argument until the \\\n        return value is not False.\"\"\"\n        screen = None\n        stacktrace = None\n    \n        end_time = time.time() + self._timeout\n        while True:\n            try:\n                value = method(self._driver)\n                if value:\n                    return value\n            except self._ignored_exceptions as exc:\n                screen = getattr(exc, 'screen', None)\n                stacktrace = getattr(exc, 'stacktrace', None)\n            time.sleep(self._poll)\n            if time.time() > end_time:\n                break\n>       raise TimeoutException(message, screen, stacktrace)\nE       selenium.common.exceptions.TimeoutException: Message:\n\nc:\\python38\\lib\\site-packages\\selenium\\webdriver\\support\\wait.py:80: TimeoutException"}, "steps": [{"name": "进入更多页", "status": "broken", "statusDetails": {"message": "selenium.common.exceptions.TimeoutException: Message: \n\n", "trace": "  File \"D:\\Jenkins\\workspace\\Timing\\scripts\\test_043_videoTime.py\", line 22, in test_videoTimeLess\n    self.page.shouye().click_mainMoreBtn()\n  File \"D:\\Jenkins\\workspace\\Timing\\Pages\\message_interaction\\shouye_page.py\", line 37, in click_mainMoreBtn\n    self.click(self.mainMoreBtn)\n  File \"D:\\Jenkins\\workspace\\Timing\\base\\base_action.py\", line 27, in click\n    self.find_element(feature).click()\n  File \"D:\\Jenkins\\workspace\\Timing\\base\\base_action.py\", line 22, in find_element\n    element = WebDriverWait(self.driver, timeout, poll).until(lambda x: x.find_element(feature_by, feature_value))\n  File \"c:\\python38\\lib\\site-packages\\selenium\\webdriver\\support\\wait.py\", line 80, in until\n    raise TimeoutException(message, screen, stacktrace)\n"}, "start": 1615550481417, "stop": 1615550532726}], "start": 1615550481417, "stop": 1615550532726, "uuid": "806264a3-95b0-4e10-b9ff-9d9ac2056cdf", "historyId": "b844d99b8d725c7e19aaa41d711f1698", "testCaseId": "cde8cbda6b626cdce8b7ab787907c48d", "fullName": "test_043_videoTime.Test_videoTime#test_videoTimeLess", "labels": [{"name": "suite", "value": "test_043_videoTime"}, {"name": "subSuite", "value": "Test_videoTime"}, {"name": "host", "value": "WINDOWS-49AO44L"}, {"name": "thread", "value": "20304-MainThread"}, {"name": "framework", "value": "pytest"}, {"name": "language", "value": "cpython3"}, {"name": "package", "value": "test_043_videoTime"}]}